<?xml version="1.0" encoding="UTF-8"?>
<!-- Generated by org.testng.reporters.JUnitReportReporter -->
<testsuite hostname="DESKTOP-H1QA97K" failures="0" tests="27" name="CID.CID_Runner" time="16.897" errors="0" timestamp="2024-01-10T15:16:57 IST" skipped="5">
  <testcase classname="CID.CID_Runner" name="Negative_Testing" time="0.589"/>
  <system-out/>
  <testcase classname="CID.CID_Runner" name="Negative_Testing" time="0.593"/>
  <system-out/>
  <testcase classname="CID.CID_Runner" name="Negative_Testing" time="0.505"/>
  <system-out/>
  <testcase classname="CID.CID_Runner" name="Negative_Testing" time="0.609"/>
  <system-out/>
  <testcase classname="CID.CID_Runner" name="Negative_Testing" time="0.551"/>
  <system-out/>
  <testcase classname="CID.CID_Runner" name="Negative_Testing" time="0.787"/>
  <system-out/>
  <testcase classname="CID.CID_Runner" name="Negative_Testing" time="0.639"/>
  <system-out/>
  <testcase classname="CID.CID_Runner" name="Negative_Testing" time="0.631"/>
  <system-out/>
  <testcase classname="CID.CID_Runner" name="Negative_Testing" time="0.642"/>
  <system-out/>
  <testcase classname="CID.CID_Runner" name="Negative_Testing" time="0.649"/>
  <system-out/>
  <testcase classname="CID.CID_Runner" name="Negative_Testing" time="0.573"/>
  <system-out/>
  <testcase classname="CID.CID_Runner" name="Negative_Testing" time="0.860"/>
  <system-out/>
  <testcase classname="CID.CID_Runner" name="Negative_Testing" time="0.587"/>
  <system-out/>
  <testcase classname="CID.CID_Runner" name="Negative_Testing" time="3.923"/>
  <system-out/>
  <testcase classname="CID.CID_Runner" name="Negative_Testing" time="0.628"/>
  <system-out/>
  <testcase classname="CID.CID_Runner" name="Negative_Testing" time="0.553"/>
  <system-out/>
  <testcase classname="CID.CID_Runner" name="Negative_Testing" time="0.563"/>
  <system-out/>
  <testcase classname="CID.CID_Runner" name="Negative_Testing" time="0.576"/>
  <system-out/>
  <testcase classname="CID.CID_Runner" name="Negative_Testing" time="0.462"/>
  <system-out/>
  <testcase classname="CID.CID_Runner" name="Negative_Testing" time="0.594"/>
  <system-out/>
  <testcase classname="CID.CID_Runner" name="Negative_Testing" time="0.670"/>
  <system-out/>
  <testcase classname="CID.CID_Runner" name="Negative_Testing" time="0.713"/>
  <system-out/>
  <testcase classname="CID.CID_Runner" name="View_PDF">
    <skipped/>
  </testcase> <!-- View_PDF -->
  <system-out/>
  <testcase classname="CID.CID_Runner" name="Existing_customer">
    <skipped/>
  </testcase> <!-- Existing_customer -->
  <system-out/>
  <testcase classname="CID.CID_Runner" name="payment_Confirmation">
    <skipped/>
  </testcase> <!-- payment_Confirmation -->
  <system-out/>
  <testcase classname="CID.CID_Runner" name="purchase_scoreReport">
    <skipped/>
  </testcase> <!-- purchase_scoreReport -->
  <system-out/>
  <testcase classname="CID.CID_Runner" name="Customer_Signup">
    <skipped/>
  </testcase> <!-- Customer_Signup -->
  <system-out/>
</testsuite> <!-- CID.CID_Runner -->
