<?xml version="1.0" encoding="UTF-8"?>
<!-- Generated by org.testng.reporters.JUnitReportReporter -->
<testsuite hostname="DESKTOP-H1QA97K" failures="0" tests="4" name="DFP.DFP_Test" time="0.041" errors="0" timestamp="2023-11-29T11:29:46 IST" skipped="2">
  <testcase classname="DFP.DFP_Test" name="Error_validation" time="0.005"/>
  <system-out/>
  <testcase classname="DFP.DFP_Test" name="Error_validation" time="0.036"/>
  <system-out/>
  <testcase classname="DFP.DFP_Test" name="Modules_Testing">
    <skipped/>
  </testcase> <!-- Modules_Testing -->
  <system-out/>
  <testcase classname="DFP.DFP_Test" name="risk_segmentation">
    <skipped/>
  </testcase> <!-- risk_segmentation -->
  <system-out/>
</testsuite> <!-- DFP.DFP_Test -->
