<?xml version="1.0" encoding="UTF-8"?>
<!-- Generated by org.testng.reporters.JUnitReportReporter -->
<testsuite hostname="DESKTOP-H1QA97K" failures="0" tests="3" name="DFP.dgf_Runner" time="9.645" errors="0" timestamp="2023-08-17T18:12:53 IST" skipped="1">
  <testcase classname="DFP.dgf_Runner" name="Modules_Testing" time="4.840"/>
  <system-out/>
  <testcase classname="DFP.dgf_Runner" name="Modules_Testing" time="4.805"/>
  <system-out/>
  <testcase classname="DFP.dgf_Runner" name="Risk_segmentation">
    <skipped/>
  </testcase> <!-- Risk_segmentation -->
  <system-out/>
</testsuite> <!-- DFP.dgf_Runner -->
