<?xml version="1.0" encoding="UTF-8"?>
<!-- Generated by org.testng.reporters.JUnitReportReporter -->
<testsuite hostname="DESKTOP-H1QA97K" failures="0" tests="10" name="DFC.DFC_Runner" time="49.552" errors="0" timestamp="2023-10-25T16:02:12 IST" skipped="0">
  <testcase classname="DFC.DFC_Runner" name="upload_dataset" time="4.115"/>
  <system-out/>
  <testcase classname="DFC.DFC_Runner" name="upload_dataset" time="12.072"/>
  <system-out/>
  <testcase classname="DFC.DFC_Runner" name="upload_dataset" time="4.214"/>
  <system-out/>
  <testcase classname="DFC.DFC_Runner" name="upload_dataset" time="4.114"/>
  <system-out/>
  <testcase classname="DFC.DFC_Runner" name="upload_dataset" time="3.960"/>
  <system-out/>
  <testcase classname="DFC.DFC_Runner" name="retrieve_dataset" time="3.853"/>
  <system-out/>
  <testcase classname="DFC.DFC_Runner" name="retrieve_dataset" time="4.819"/>
  <system-out/>
  <testcase classname="DFC.DFC_Runner" name="retrieve_dataset" time="4.110"/>
  <system-out/>
  <testcase classname="DFC.DFC_Runner" name="retrieve_dataset" time="4.301"/>
  <system-out/>
  <testcase classname="DFC.DFC_Runner" name="retrieve_dataset" time="3.994"/>
  <system-out/>
</testsuite> <!-- DFC.DFC_Runner -->
