<?xml version="1.0" encoding="UTF-8"?>
<!-- Generated by org.testng.reporters.JUnitReportReporter -->
<testsuite hostname="DESKTOP-H1QA97K" failures="0" tests="1" name="DFP.DFP_Baseclass" time="0.060" errors="1" timestamp="2023-09-12T13:29:07 IST" skipped="0">
  <testcase classname="DFP.DFP_Baseclass" name="setUpSuite" time="0.060">
    <error message="properties file not found at C:\Users\Sheikumarali\Digital\org.ctos.com\Properties\DFB_config.properties" type="java.lang.RuntimeException">
      <![CDATA[java.lang.RuntimeException: properties file not found at C:\Users\Sheikumarali\Digital\org.ctos.com\Properties\DFB_config.properties
at Configuration.PropertyUtils.propertyLoader(PropertyUtils.java:25)
at Configuration.DFB_cofiguration.<init>(DFB_cofiguration.java:14)
at DFP.DFP_Baseclass.setUpSuite(DFP_Baseclass.java:39)
at java.base/jdk.internal.reflect.NativeMethodAccessorImpl.invoke0(Native Method)
at java.base/jdk.internal.reflect.NativeMethodAccessorImpl.invoke(NativeMethodAccessorImpl.java:77)
at java.base/jdk.internal.reflect.DelegatingMethodAccessorImpl.invoke(DelegatingMethodAccessorImpl.java:43)
at java.base/java.lang.reflect.Method.invoke(Method.java:568)
at org.testng.internal.MethodInvocationHelper.invokeMethod(MethodInvocationHelper.java:133)
at org.testng.internal.MethodInvocationHelper.invokeMethodConsideringTimeout(MethodInvocationHelper.java:62)
at org.testng.internal.ConfigInvoker.invokeConfigurationMethod(ConfigInvoker.java:385)
at org.testng.internal.ConfigInvoker.invokeConfigurations(ConfigInvoker.java:321)
at org.testng.SuiteRunner.privateRun(SuiteRunner.java:317)
at org.testng.SuiteRunner.run(SuiteRunner.java:276)
at org.testng.SuiteRunnerWorker.runSuite(SuiteRunnerWorker.java:53)
at org.testng.SuiteRunnerWorker.run(SuiteRunnerWorker.java:96)
at org.testng.TestNG.runSuitesSequentially(TestNG.java:1212)
at org.testng.TestNG.runSuitesLocally(TestNG.java:1134)
at org.testng.TestNG.runSuites(TestNG.java:1063)
at org.testng.TestNG.run(TestNG.java:1031)
at org.testng.remote.AbstractRemoteTestNG.run(AbstractRemoteTestNG.java:115)
at org.testng.remote.RemoteTestNG.initAndRun(RemoteTestNG.java:251)
at org.testng.remote.RemoteTestNG.main(RemoteTestNG.java:77)
]]>
    </error>
  </testcase> <!-- setUpSuite -->
  <system-out/>
</testsuite> <!-- DFP.DFP_Baseclass -->
