<?xml version="1.0" encoding="UTF-8"?>
<!-- Generated by org.testng.reporters.JUnitReportReporter -->
<testsuite hostname="DESKTOP-H1QA97K" failures="0" tests="4" name="go_Rest.goRest_Runner" time="5.267" errors="0" timestamp="2023-06-27T14:45:08 IST" skipped="0">
  <testcase classname="go_Rest.goRest_Runner" name="getUserofGorest" time="3.256"/>
  <system-out/>
  <testcase classname="go_Rest.goRest_Runner" name="PostUserofGorest" time="0.986"/>
  <system-out/>
  <testcase classname="go_Rest.goRest_Runner" name="PutUserofGorest" time="0.448"/>
  <system-out/>
  <testcase classname="go_Rest.goRest_Runner" name="DeleteUserofGorest" time="0.577"/>
  <system-out/>
</testsuite> <!-- go_Rest.goRest_Runner -->
