<?xml version="1.0" encoding="UTF-8"?>
<!-- Generated by org.testng.reporters.JUnitReportReporter -->
<testsuite hostname="DESKTOP-H1QA97K" failures="0" tests="3" name="DFP.DFP_Runner" time="6.745" errors="0" timestamp="2023-09-19T14:24:02 IST" skipped="2">
  <testcase classname="DFP.DFP_Runner" name="Error_Validation" time="6.745"/>
  <system-out/>
  <testcase classname="DFP.DFP_Runner" name="Modules_Testing">
    <skipped/>
  </testcase> <!-- Modules_Testing -->
  <system-out/>
  <testcase classname="DFP.DFP_Runner" name="Risk_segmentation">
    <skipped/>
  </testcase> <!-- Risk_segmentation -->
  <system-out/>
</testsuite> <!-- DFP.DFP_Runner -->
