<?xml version="1.0" encoding="UTF-8"?>
<!-- Generated by org.testng.reporters.JUnitReportReporter -->
<testsuite hostname="DESKTOP-H1QA97K" failures="0" tests="12" name="CID_Common_Function.CID_Runner" time="36.906" errors="0" timestamp="2024-02-05T12:37:28 IST" skipped="5">
  <testcase classname="CID_Common_Function.CID_Runner" name="Existing_customer" time="2.194"/>
  <system-out/>
  <testcase classname="CID_Common_Function.CID_Runner" name="Existing_customer" time="0.803"/>
  <system-out/>
  <testcase classname="CID_Common_Function.CID_Runner" name="Existing_customer" time="4.167"/>
  <system-out/>
  <testcase classname="CID_Common_Function.CID_Runner" name="Existing_customer" time="10.827"/>
  <system-out/>
  <testcase classname="CID_Common_Function.CID_Runner" name="Existing_customer" time="17.288"/>
  <system-out/>
  <testcase classname="CID_Common_Function.CID_Runner" name="Existing_customer" time="0.862"/>
  <system-out/>
  <testcase classname="CID_Common_Function.CID_Runner" name="Existing_customer" time="0.765"/>
  <system-out/>
  <testcase classname="CID_Common_Function.CID_Runner" name="Negative_Testing">
    <skipped/>
  </testcase> <!-- Negative_Testing -->
  <system-out/>
  <testcase classname="CID_Common_Function.CID_Runner" name="payment_Confirmation">
    <skipped/>
  </testcase> <!-- payment_Confirmation -->
  <system-out/>
  <testcase classname="CID_Common_Function.CID_Runner" name="Customer_Signup">
    <skipped/>
  </testcase> <!-- Customer_Signup -->
  <system-out/>
  <testcase classname="CID_Common_Function.CID_Runner" name="purchase_scoreReport">
    <skipped/>
  </testcase> <!-- purchase_scoreReport -->
  <system-out/>
  <testcase classname="CID_Common_Function.CID_Runner" name="View_PDF">
    <skipped/>
  </testcase> <!-- View_PDF -->
  <system-out/>
</testsuite> <!-- CID_Common_Function.CID_Runner -->
