<?xml version="1.0" encoding="UTF-8"?>
<!-- Generated by org.testng.reporters.JUnitReportReporter -->
<testsuite hostname="DESKTOP-H1QA97K" failures="0" tests="1" name="DigitalFootPrint.org.ctos.com.Runner" time="1.090" errors="0" timestamp="2023-05-18T16:23:42 IST" skipped="0">
  <testcase classname="DigitalFootPrint.org.ctos.com.Runner" name="phone_Basic" time="1.090"/>
  <system-out/>
</testsuite> <!-- DigitalFootPrint.org.ctos.com.Runner -->
